  Source.cpp
C:\Users\Xiaomi\Documents\Projects\MADE\Algo\w3\Seminar3\Project\Source.cpp(10,22): error C2061: синтаксическая ошибка: идентификатор "TreapNode"
C:\Users\Xiaomi\Documents\Projects\MADE\Algo\w3\Seminar3\Project\Source.cpp(30,11): error C2143: синтаксическая ошибка: отсутствие ";" перед "*"
C:\Users\Xiaomi\Documents\Projects\MADE\Algo\w3\Seminar3\Project\Source.cpp(30,11): error C4430: отсутствует спецификатор типа - предполагается int. Примечание. C++ не поддерживает int по умолчанию
C:\Users\Xiaomi\Documents\Projects\MADE\Algo\w3\Seminar3\Project\Source.cpp(30,18): error C2238: непредвиденные лексемы перед ";"
C:\Users\Xiaomi\Documents\Projects\MADE\Algo\w3\Seminar3\Project\Source.cpp(11,7): error C2065: root: необъявленный идентификатор
C:\Users\Xiaomi\Documents\Projects\MADE\Algo\w3\Seminar3\Project\Source.cpp(12,17): error C2659: =: функция в качестве левого операнда
C:\Users\Xiaomi\Documents\Projects\MADE\Algo\w3\Seminar3\Project\Source.cpp(14,7): error C2065: key: необъявленный идентификатор
C:\Users\Xiaomi\Documents\Projects\MADE\Algo\w3\Seminar3\Project\Source.cpp(14,13): error C2065: root: необъявленный идентификатор
C:\Users\Xiaomi\Documents\Projects\MADE\Algo\w3\Seminar3\Project\Source.cpp(15,4): error C2065: TreapNode: необъявленный идентификатор
C:\Users\Xiaomi\Documents\Projects\MADE\Algo\w3\Seminar3\Project\Source.cpp(15,15): error C2065: rightLeft: необъявленный идентификатор
C:\Users\Xiaomi\Documents\Projects\MADE\Algo\w3\Seminar3\Project\Source.cpp(16,4): error C2065: TreapNode: необъявленный идентификатор
C:\Users\Xiaomi\Documents\Projects\MADE\Algo\w3\Seminar3\Project\Source.cpp(16,15): error C2065: rightRight: необъявленный идентификатор
C:\Users\Xiaomi\Documents\Projects\MADE\Algo\w3\Seminar3\Project\Source.cpp(17,10): error C2065: root: необъявленный идентификатор
C:\Users\Xiaomi\Documents\Projects\MADE\Algo\w3\Seminar3\Project\Source.cpp(17,29): error C2065: key: необъявленный идентификатор
C:\Users\Xiaomi\Documents\Projects\MADE\Algo\w3\Seminar3\Project\Source.cpp(17,34): error C2065: rightLeft: необъявленный идентификатор
C:\Users\Xiaomi\Documents\Projects\MADE\Algo\w3\Seminar3\Project\Source.cpp(17,45): error C2065: rightRight: необъявленный идентификатор
C:\Users\Xiaomi\Documents\Projects\MADE\Algo\w3\Seminar3\Project\Source.cpp(17,1): error C2660: Tree::Split: функция не принимает 4 аргументов
C:\Users\Xiaomi\Documents\Projects\MADE\Algo\w3\Seminar3\Project\Source.cpp(10,7): message : см. объявление "Tree::Split"
C:\Users\Xiaomi\Documents\Projects\MADE\Algo\w3\Seminar3\Project\Source.cpp(18,11): error C2065: root: необъявленный идентификатор
C:\Users\Xiaomi\Documents\Projects\MADE\Algo\w3\Seminar3\Project\Source.cpp(19,24): error C2065: rightLeft: необъявленный идентификатор
C:\Users\Xiaomi\Documents\Projects\MADE\Algo\w3\Seminar3\Project\Source.cpp(20,12): error C2065: rightRight: необъявленный идентификатор
C:\Users\Xiaomi\Documents\Projects\MADE\Algo\w3\Seminar3\Project\Source.cpp(24,10): error C2065: root: необъявленный идентификатор
C:\Users\Xiaomi\Documents\Projects\MADE\Algo\w3\Seminar3\Project\Source.cpp(24,28): error C2065: key: необъявленный идентификатор
C:\Users\Xiaomi\Documents\Projects\MADE\Algo\w3\Seminar3\Project\Source.cpp(24,39): error C2065: root: необъявленный идентификатор
C:\Users\Xiaomi\Documents\Projects\MADE\Algo\w3\Seminar3\Project\Source.cpp(24,1): error C2660: Tree::Split: функция не принимает 3 аргументов
C:\Users\Xiaomi\Documents\Projects\MADE\Algo\w3\Seminar3\Project\Source.cpp(10,7): message : см. объявление "Tree::Split"
C:\Users\Xiaomi\Documents\Projects\MADE\Algo\w3\Seminar3\Project\Source.cpp(25,13): error C2065: root: необъявленный идентификатор
